<?xml version="1.0" encoding="utf-8"?><testsuites><testsuite name="pytest" errors="0" failures="0" skipped="0" tests="6" time="4.353" timestamp="2025-07-03T03:57:57.237172+00:00" hostname="pkrvmbietmlfzoi"><testcase classname="common.test_database_connections.TestDatabaseConnections" name="test_mongodb_connection" time="0.011" /><testcase classname="common.test_database_connections.TestDatabaseConnections" name="test_postgresql_connection" time="0.008" /><testcase classname="common.test_database_connections.TestDatabaseConnections" name="test_redis_connection" time="0.003" /><testcase classname="v1.test_books.test_repositories.TestBooksRepository" name="test_repository_crud" time="0.098" /><testcase classname="v1.test_books.test_responses.TestEnvelopeFormat" name="test_envelope_keys" time="0.094" /><testcase classname="v1.test_books.test_services.TestBooksServices" name="test_service_create_retrieve_update_delete_flow" time="0.054" /></testsuite></testsuites>