<?xml version="1.0" encoding="utf-8"?><testsuites><testsuite name="pytest" errors="0" failures="0" skipped="0" tests="75" time="4.766" timestamp="2025-07-19T00:30:56.748842+00:00" hostname="pkrvmq0rgcvqdmg"><testcase classname="common.test_database_connections.TestDatabaseConnections" name="test_postgresql_connection" time="0.009" /><testcase classname="v1.test_telegram.test_endpoints.TestTelegramEndpoints" name="test_connect_telegram_api_error" time="0.128" /><testcase classname="v1.test_telegram.test_endpoints.TestTelegramEndpoints" name="test_connect_telegram_invalid_api_key" time="0.015" /><testcase classname="v1.test_telegram.test_endpoints.TestTelegramEndpoints" name="test_connect_telegram_missing_api_key" time="0.016" /><testcase classname="v1.test_telegram.test_endpoints.TestTelegramEndpoints" name="test_connect_telegram_missing_fields" time="0.014" /><testcase classname="v1.test_telegram.test_endpoints.TestTelegramEndpoints" name="test_connect_telegram_missing_user_id" time="0.015" /><testcase classname="v1.test_telegram.test_endpoints.TestTelegramEndpoints" name="test_connect_telegram_success" time="0.026" /><testcase classname="v1.test_telegram.test_endpoints.TestTelegramEndpoints" name="test_send_message_empty_text" time="0.026" /><testcase classname="v1.test_telegram.test_endpoints.TestTelegramEndpoints" name="test_send_message_invalid_api_key" time="0.025" /><testcase classname="v1.test_telegram.test_endpoints.TestTelegramEndpoints" name="test_send_message_invalid_connector_id" time="0.020" /><testcase classname="v1.test_telegram.test_endpoints.TestTelegramEndpoints" name="test_send_message_invalid_payload" time="0.024" /><testcase classname="v1.test_telegram.test_endpoints.TestTelegramEndpoints" name="test_send_message_missing_api_key" time="0.024" /><testcase classname="v1.test_telegram.test_endpoints.TestTelegramEndpoints" name="test_send_message_success" time="0.029" /><testcase classname="v1.test_telegram.test_endpoints.TestTelegramEndpoints" name="test_send_message_telegram_api_error" time="0.029" /><testcase classname="v1.test_telegram.test_endpoints.TestTelegramEndpoints" name="test_send_message_text_too_long" time="0.023" /><testcase classname="v1.test_telegram.test_endpoints.TestTelegramEndpoints" name="test_send_message_wrong_user" time="0.029" /><testcase classname="v1.test_telegram.test_endpoints.TestTelegramEndpoints" name="test_webhook_edited_message" time="0.031" /><testcase classname="v1.test_telegram.test_endpoints.TestTelegramEndpoints" name="test_webhook_invalid_connector_id" time="0.019" /><testcase classname="v1.test_telegram.test_endpoints.TestTelegramEndpoints" name="test_webhook_invalid_secret_token" time="0.027" /><testcase classname="v1.test_telegram.test_endpoints.TestTelegramEndpoints" name="test_webhook_missing_secret_token" time="0.029" /><testcase classname="v1.test_telegram.test_endpoints.TestTelegramEndpoints" name="test_webhook_no_message" time="0.029" /><testcase classname="v1.test_telegram.test_endpoints.TestTelegramEndpoints" name="test_webhook_success" time="0.030" /><testcase classname="v1.test_telegram.test_repositories.TestTelegramConnectorRepository" name="test_create_connector_success" time="0.021" /><testcase classname="v1.test_telegram.test_repositories.TestTelegramConnectorRepository" name="test_delete_existing_connector" time="0.030" /><testcase classname="v1.test_telegram.test_repositories.TestTelegramConnectorRepository" name="test_delete_nonexistent_connector" time="0.015" /><testcase classname="v1.test_telegram.test_repositories.TestTelegramConnectorRepository" name="test_delete_only_target_connector" time="0.040" /><testcase classname="v1.test_telegram.test_repositories.TestTelegramConnectorRepository" name="test_get_all_empty" time="0.019" /><testcase classname="v1.test_telegram.test_repositories.TestTelegramConnectorRepository" name="test_get_all_with_connectors" time="0.032" /><testcase classname="v1.test_telegram.test_repositories.TestTelegramConnectorRepository" name="test_get_by_id_existing" time="0.024" /><testcase classname="v1.test_telegram.test_repositories.TestTelegramConnectorRepository" name="test_get_by_id_nonexistent" time="0.016" /><testcase classname="v1.test_telegram.test_repositories.TestTelegramConnectorRepository" name="test_get_by_user_id_different_users" time="0.038" /><testcase classname="v1.test_telegram.test_repositories.TestTelegramConnectorRepository" name="test_get_by_user_id_empty" time="0.018" /><testcase classname="v1.test_telegram.test_repositories.TestTelegramConnectorRepository" name="test_get_by_user_id_existing" time="0.032" /><testcase classname="v1.test_telegram.test_schema.TestRequestTelegramConnectorCreateSchema" name="test_empty_bot_token" time="0.001" /><testcase classname="v1.test_telegram.test_schema.TestRequestTelegramConnectorCreateSchema" name="test_empty_bot_user_name" time="0.000" /><testcase classname="v1.test_telegram.test_schema.TestRequestTelegramConnectorCreateSchema" name="test_missing_bot_token" time="0.001" /><testcase classname="v1.test_telegram.test_schema.TestRequestTelegramConnectorCreateSchema" name="test_missing_bot_user_name" time="0.000" /><testcase classname="v1.test_telegram.test_schema.TestRequestTelegramConnectorCreateSchema" name="test_valid_schema" time="0.001" /><testcase classname="v1.test_telegram.test_schema.TestTelegramConnectorCreateSchema" name="test_invalid_user_id" time="0.001" /><testcase classname="v1.test_telegram.test_schema.TestTelegramConnectorCreateSchema" name="test_missing_user_id" time="0.000" /><testcase classname="v1.test_telegram.test_schema.TestTelegramConnectorCreateSchema" name="test_valid_schema" time="0.001" /><testcase classname="v1.test_telegram.test_schema.TestTelegramConnectorCreateResponseSchema" name="test_serialization" time="0.001" /><testcase classname="v1.test_telegram.test_schema.TestTelegramConnectorCreateResponseSchema" name="test_valid_schema" time="0.001" /><testcase classname="v1.test_telegram.test_schema.TestSendMessageIn" name="test_empty_text" time="0.001" /><testcase classname="v1.test_telegram.test_schema.TestSendMessageIn" name="test_invalid_chat_id" time="0.000" /><testcase classname="v1.test_telegram.test_schema.TestSendMessageIn" name="test_missing_chat_id" time="0.001" /><testcase classname="v1.test_telegram.test_schema.TestSendMessageIn" name="test_missing_text" time="0.000" /><testcase classname="v1.test_telegram.test_schema.TestSendMessageIn" name="test_negative_chat_id" time="0.000" /><testcase classname="v1.test_telegram.test_schema.TestSendMessageIn" name="test_text_max_length" time="0.000" /><testcase classname="v1.test_telegram.test_schema.TestSendMessageIn" name="test_text_too_long" time="0.000" /><testcase classname="v1.test_telegram.test_schema.TestSendMessageIn" name="test_valid_schema" time="0.001" /><testcase classname="v1.test_telegram.test_schema.TestSendMessageOut" name="test_default_status" time="0.001" /><testcase classname="v1.test_telegram.test_schema.TestSendMessageOut" name="test_invalid_telegram_message_id" time="0.001" /><testcase classname="v1.test_telegram.test_schema.TestSendMessageOut" name="test_missing_telegram_message_id" time="0.000" /><testcase classname="v1.test_telegram.test_schema.TestSendMessageOut" name="test_valid_schema" time="0.001" /><testcase classname="v1.test_telegram.test_schema.TestWebhookMessageReceived" name="test_missing_required_fields" time="0.001" /><testcase classname="v1.test_telegram.test_schema.TestWebhookMessageReceived" name="test_optional_fields" time="0.001" /><testcase classname="v1.test_telegram.test_schema.TestWebhookMessageReceived" name="test_serialization" time="0.001" /><testcase classname="v1.test_telegram.test_schema.TestWebhookMessageReceived" name="test_valid_schema" time="0.001" /><testcase classname="v1.test_telegram.test_services.TestConnectTelegramService" name="test_connect_invalid_api_key" time="0.014" /><testcase classname="v1.test_telegram.test_services.TestConnectTelegramService" name="test_connect_missing_api_key" time="0.013" /><testcase classname="v1.test_telegram.test_services.TestConnectTelegramService" name="test_connect_missing_user_id" time="0.013" /><testcase classname="v1.test_telegram.test_services.TestConnectTelegramService" name="test_connect_success" time="0.024" /><testcase classname="v1.test_telegram.test_services.TestConnectTelegramService" name="test_connect_telegram_api_error" time="0.025" /><testcase classname="v1.test_telegram.test_services.TestTelegramWebhookService" name="test_webhook_edited_message" time="0.029" /><testcase classname="v1.test_telegram.test_services.TestTelegramWebhookService" name="test_webhook_invalid_connector" time="0.019" /><testcase classname="v1.test_telegram.test_services.TestTelegramWebhookService" name="test_webhook_invalid_secret" time="0.027" /><testcase classname="v1.test_telegram.test_services.TestTelegramWebhookService" name="test_webhook_no_message" time="0.027" /><testcase classname="v1.test_telegram.test_services.TestTelegramWebhookService" name="test_webhook_success" time="0.026" /><testcase classname="v1.test_telegram.test_services.TestSendMessageService" name="test_send_message_invalid_api_key" time="0.022" /><testcase classname="v1.test_telegram.test_services.TestSendMessageService" name="test_send_message_invalid_connector" time="0.017" /><testcase classname="v1.test_telegram.test_services.TestSendMessageService" name="test_send_message_missing_api_key" time="0.021" /><testcase classname="v1.test_telegram.test_services.TestSendMessageService" name="test_send_message_success" time="0.027" /><testcase classname="v1.test_telegram.test_services.TestSendMessageService" name="test_send_message_telegram_api_error" time="0.026" /><testcase classname="v1.test_telegram.test_services.TestSendMessageService" name="test_send_message_wrong_user" time="0.027" /></testsuite></testsuites>